[26-May-2025 23:50:36 UTC] PHP Warning:  require(C:\Users\203120\LaraFlix/vendor/autoload.php): Failed to open stream: No such file or directory in C:\Users\203120\LaraFlix\artisan on line 10
[26-May-2025 23:50:36 UTC] PHP Fatal error:  Uncaught Error: Failed opening required 'C:\Users\203120\LaraFlix/vendor/autoload.php' (include_path='.;C:\php\pear') in C:\Users\203120\LaraFlix\artisan:10
Stack trace:
#0 {main}
  thrown in C:\Users\203120\LaraFlix\artisan on line 10
[26-May-2025 23:50:56 UTC] PHP Warning:  require(C:\Users\203120\LaraFlix/vendor/autoload.php): Failed to open stream: No such file or directory in C:\Users\203120\LaraFlix\artisan on line 10
[26-May-2025 23:50:56 UTC] PHP Fatal error:  Uncaught Error: Failed opening required 'C:\Users\203120\LaraFlix/vendor/autoload.php' (include_path='.;C:\php\pear') in C:\Users\203120\LaraFlix\artisan:10
Stack trace:
#0 {main}
  thrown in C:\Users\203120\LaraFlix\artisan on line 10
[27-May-2025 00:36:43 UTC] PHP Warning:  require(C:\Users\203120\LaraFlix/vendor/autoload.php): Failed to open stream: No such file or directory in C:\Users\203120\LaraFlix\artisan on line 10
[27-May-2025 00:36:43 UTC] PHP Fatal error:  Uncaught Error: Failed opening required 'C:\Users\203120\LaraFlix/vendor/autoload.php' (include_path='.;C:\php\pear') in C:\Users\203120\LaraFlix\artisan:10
Stack trace:
#0 {main}
  thrown in C:\Users\203120\LaraFlix\artisan on line 10
[27-May-2025 00:37:45 UTC] PHP Warning:  require(C:\Users\203120\Laraflix/vendor/autoload.php): Failed to open stream: No such file or directory in C:\Users\203120\Laraflix\artisan on line 10
[27-May-2025 00:37:45 UTC] PHP Fatal error:  Uncaught Error: Failed opening required 'C:\Users\203120\Laraflix/vendor/autoload.php' (include_path='.;C:\php\pear') in C:\Users\203120\Laraflix\artisan:10
Stack trace:
#0 {main}
  thrown in C:\Users\203120\Laraflix\artisan on line 10
[27-May-2025 00:37:47 UTC] PHP Warning:  require(C:\Users\203120\Laraflix/vendor/autoload.php): Failed to open stream: No such file or directory in C:\Users\203120\Laraflix\artisan on line 10
[27-May-2025 00:37:47 UTC] PHP Fatal error:  Uncaught Error: Failed opening required 'C:\Users\203120\Laraflix/vendor/autoload.php' (include_path='.;C:\php\pear') in C:\Users\203120\Laraflix\artisan:10
Stack trace:
#0 {main}
  thrown in C:\Users\203120\Laraflix\artisan on line 10
[27-May-2025 00:38:21 UTC] PHP Warning:  require(C:\Users\203120\LaraflixC:/vendor/autoload.php): Failed to open stream: No such file or directory in C:\Users\203120\Laraflix\artisan on line 10
[27-May-2025 00:38:21 UTC] PHP Fatal error:  Uncaught Error: Failed opening required 'C:\Users\203120\LaraflixC:/vendor/autoload.php' (include_path='.;C:\php\pear') in C:\Users\203120\Laraflix\artisan:10
Stack trace:
#0 {main}
  thrown in C:\Users\203120\Laraflix\artisan on line 10
[27-May-2025 00:38:53 UTC] PHP Warning:  require(C:\Users\203120\Laraflix/vendor/autoload.php): Failed to open stream: No such file or directory in C:\Users\203120\Laraflix\artisan on line 10
[27-May-2025 00:38:53 UTC] PHP Fatal error:  Uncaught Error: Failed opening required 'C:\Users\203120\Laraflix/vendor/autoload.php' (include_path='.;C:\php\pear') in C:\Users\203120\Laraflix\artisan:10
Stack trace:
#0 {main}
  thrown in C:\Users\203120\Laraflix\artisan on line 10
[27-May-2025 00:45:37 UTC] PHP Warning:  require(C:\Users\203120\Laraflix/vendor/autoload.php): Failed to open stream: No such file or directory in C:\Users\203120\Laraflix\artisan on line 10
[27-May-2025 00:45:37 UTC] PHP Fatal error:  Uncaught Error: Failed opening required 'C:\Users\203120\Laraflix/vendor/autoload.php' (include_path='.;C:\php\pear') in C:\Users\203120\Laraflix\artisan:10
Stack trace:
#0 {main}
  thrown in C:\Users\203120\Laraflix\artisan on line 10
[27-May-2025 00:46:54 UTC] PHP Warning:  require(C:\Users\203120\Laraflix/vendor/autoload.php): Failed to open stream: No such file or directory in C:\Users\203120\Laraflix\artisan on line 10
[27-May-2025 00:46:54 UTC] PHP Fatal error:  Uncaught Error: Failed opening required 'C:\Users\203120\Laraflix/vendor/autoload.php' (include_path='.;C:\php\pear') in C:\Users\203120\Laraflix\artisan:10
Stack trace:
#0 {main}
  thrown in C:\Users\203120\Laraflix\artisan on line 10
[27-May-2025 00:48:57 UTC] PHP Warning:  require(C:\Users\203120\Laraflix/vendor/autoload.php): Failed to open stream: No such file or directory in C:\Users\203120\Laraflix\artisan on line 10
[27-May-2025 00:48:57 UTC] PHP Fatal error:  Uncaught Error: Failed opening required 'C:\Users\203120\Laraflix/vendor/autoload.php' (include_path='.;C:\php\pear') in C:\Users\203120\Laraflix\artisan:10
Stack trace:
#0 {main}
  thrown in C:\Users\203120\Laraflix\artisan on line 10
[27-May-2025 00:49:25 UTC] PHP Warning:  require(C:\Users\203120\Laraflix/vendor/autoload.php): Failed to open stream: No such file or directory in C:\Users\203120\Laraflix\artisan on line 10
[27-May-2025 00:49:25 UTC] PHP Fatal error:  Uncaught Error: Failed opening required 'C:\Users\203120\Laraflix/vendor/autoload.php' (include_path='.;C:\php\pear') in C:\Users\203120\Laraflix\artisan:10
Stack trace:
#0 {main}
  thrown in C:\Users\203120\Laraflix\artisan on line 10
[27-May-2025 00:49:53 UTC] PHP Warning:  require(C:\Users\203120\Laraflix.;C:\php\pear): Failed to open stream: No such file or directory in C:\Users\203120\Laraflix\artisan on line 10
[27-May-2025 00:49:53 UTC] PHP Fatal error:  Uncaught Error: Failed opening required 'C:\Users\203120\Laraflix.;C:\php\pear' (include_path='.;C:\php\pear') in C:\Users\203120\Laraflix\artisan:10
Stack trace:
#0 {main}
  thrown in C:\Users\203120\Laraflix\artisan on line 10
[27-May-2025 00:50:15 UTC] PHP Warning:  require(C:\Users\203120\Laraflix/vendor/autoload.php): Failed to open stream: No such file or directory in C:\Users\203120\Laraflix\artisan on line 10
[27-May-2025 00:50:15 UTC] PHP Fatal error:  Uncaught Error: Failed opening required 'C:\Users\203120\Laraflix/vendor/autoload.php' (include_path='.;C:\php\pear') in C:\Users\203120\Laraflix\artisan:10
Stack trace:
#0 {main}
  thrown in C:\Users\203120\Laraflix\artisan on line 10
[27-May-2025 00:51:25 UTC] PHP Warning:  require(C:\Users\203120\Laraflix/vendor/autoload.php): Failed to open stream: No such file or directory in C:\Users\203120\Laraflix\artisan on line 10
[27-May-2025 00:51:25 UTC] PHP Fatal error:  Uncaught Error: Failed opening required 'C:\Users\203120\Laraflix/vendor/autoload.php' (include_path='.;C:\php\pear') in C:\Users\203120\Laraflix\artisan:10
Stack trace:
#0 {main}
  thrown in C:\Users\203120\Laraflix\artisan on line 10
[27-May-2025 00:51:40 UTC] PHP Warning:  require(C:\Users\203120\Laraflix\vendor\autoload.php): Failed to open stream: No such file or directory in C:\Users\203120\Laraflix\artisan on line 10
[27-May-2025 00:51:40 UTC] PHP Fatal error:  Uncaught Error: Failed opening required 'C:\Users\203120\Laraflix\vendor\autoload.php' (include_path='.;C:\php\pear') in C:\Users\203120\Laraflix\artisan:10
Stack trace:
#0 {main}
  thrown in C:\Users\203120\Laraflix\artisan on line 10
[27-May-2025 00:53:53 UTC] PHP Warning:  require(C:\Users\203120\Laraflixpublic/vendor/autoload.php): Failed to open stream: No such file or directory in C:\Users\203120\Laraflix\artisan on line 10
[27-May-2025 00:53:53 UTC] PHP Fatal error:  Uncaught Error: Failed opening required 'C:\Users\203120\Laraflixpublic/vendor/autoload.php' (include_path='.;C:\php\pear') in C:\Users\203120\Laraflix\artisan:10
Stack trace:
#0 {main}
  thrown in C:\Users\203120\Laraflix\artisan on line 10
[27-May-2025 00:55:26 UTC] PHP Warning:  require(C:\Users\203120\Laraflix./vendor/autoload.php): Failed to open stream: Permission denied in C:\Users\203120\Laraflix\artisan on line 10
[27-May-2025 00:55:26 UTC] PHP Fatal error:  Uncaught Error: Failed opening required 'C:\Users\203120\Laraflix./vendor/autoload.php' (include_path='.;C:\php\pear') in C:\Users\203120\Laraflix\artisan:10
Stack trace:
#0 {main}
  thrown in C:\Users\203120\Laraflix\artisan on line 10
[27-May-2025 00:57:12 UTC] PHP Warning:  require(C:\Users\203120\Laraflix./vendor/autoload.php): Failed to open stream: Permission denied in C:\Users\203120\Laraflix\artisan on line 10
[27-May-2025 00:57:12 UTC] PHP Fatal error:  Uncaught Error: Failed opening required 'C:\Users\203120\Laraflix./vendor/autoload.php' (include_path='.;C:\php\pear') in C:\Users\203120\Laraflix\artisan:10
Stack trace:
#0 {main}
  thrown in C:\Users\203120\Laraflix\artisan on line 10
[27-May-2025 00:57:59 UTC] PHP Warning:  require(C:\Users\203120\Laraflix.;C:\php\pear): Failed to open stream: No such file or directory in C:\Users\203120\Laraflix\artisan on line 10
[27-May-2025 00:57:59 UTC] PHP Fatal error:  Uncaught Error: Failed opening required 'C:\Users\203120\Laraflix.;C:\php\pear' (include_path='.;C:\php\pear') in C:\Users\203120\Laraflix\artisan:10
Stack trace:
#0 {main}
  thrown in C:\Users\203120\Laraflix\artisan on line 10
[27-May-2025 00:58:07 UTC] PHP Warning:  require(C:\Users\203120\Laraflix.C:\php\pear): Failed to open stream: No such file or directory in C:\Users\203120\Laraflix\artisan on line 10
[27-May-2025 00:58:07 UTC] PHP Fatal error:  Uncaught Error: Failed opening required 'C:\Users\203120\Laraflix.C:\php\pear' (include_path='.;C:\php\pear') in C:\Users\203120\Laraflix\artisan:10
Stack trace:
#0 {main}
  thrown in C:\Users\203120\Laraflix\artisan on line 10
[27-May-2025 00:58:16 UTC] PHP Warning:  require(C:\Users\203120\Laraflix): Failed to open stream: Permission denied in C:\Users\203120\Laraflix\artisan on line 10
[27-May-2025 00:58:16 UTC] PHP Fatal error:  Uncaught Error: Failed opening required 'C:\Users\203120\Laraflix' (include_path='.;C:\php\pear') in C:\Users\203120\Laraflix\artisan:10
Stack trace:
#0 {main}
  thrown in C:\Users\203120\Laraflix\artisan on line 10
[27-May-2025 00:58:28 UTC] PHP Warning:  require(C:\Users\203120\Laraflix.C:\php\pear): Failed to open stream: No such file or directory in C:\Users\203120\Laraflix\artisan on line 10
[27-May-2025 00:58:28 UTC] PHP Fatal error:  Uncaught Error: Failed opening required 'C:\Users\203120\Laraflix.C:\php\pear' (include_path='.;C:\php\pear') in C:\Users\203120\Laraflix\artisan:10
Stack trace:
#0 {main}
  thrown in C:\Users\203120\Laraflix\artisan on line 10
[27-May-2025 00:58:36 UTC] PHP Warning:  require(C:\Users\203120\Laraflix/vendor/autoload.php): Failed to open stream: No such file or directory in C:\Users\203120\Laraflix\artisan on line 10
[27-May-2025 00:58:36 UTC] PHP Fatal error:  Uncaught Error: Failed opening required 'C:\Users\203120\Laraflix/vendor/autoload.php' (include_path='.;C:\php\pear') in C:\Users\203120\Laraflix\artisan:10
Stack trace:
#0 {main}
  thrown in C:\Users\203120\Laraflix\artisan on line 10
[27-May-2025 00:58:45 UTC] PHP Warning:  require(C:\Users\203120\Laraflix./vendor/autoload.php): Failed to open stream: Permission denied in C:\Users\203120\Laraflix\artisan on line 10
[27-May-2025 00:58:45 UTC] PHP Fatal error:  Uncaught Error: Failed opening required 'C:\Users\203120\Laraflix./vendor/autoload.php' (include_path='.;C:\php\pear') in C:\Users\203120\Laraflix\artisan:10
Stack trace:
#0 {main}
  thrown in C:\Users\203120\Laraflix\artisan on line 10
[27-May-2025 00:59:22 UTC] PHP Warning:  require(C:\Users\203120\Laraflix./vendor/autoload.php): Failed to open stream: Permission denied in C:\Users\203120\Laraflix\artisan on line 10
[27-May-2025 00:59:22 UTC] PHP Fatal error:  Uncaught Error: Failed opening required 'C:\Users\203120\Laraflix./vendor/autoload.php' (include_path='.;C:\php\pear') in C:\Users\203120\Laraflix\artisan:10
Stack trace:
#0 {main}
  thrown in C:\Users\203120\Laraflix\artisan on line 10
[27-May-2025 00:59:45 UTC] PHP Warning:  require(C:\Users\203120\Laraflix./vendor/autoload.php): Failed to open stream: Permission denied in C:\Users\203120\Laraflix\artisan on line 10
[27-May-2025 00:59:45 UTC] PHP Fatal error:  Uncaught Error: Failed opening required 'C:\Users\203120\Laraflix./vendor/autoload.php' (include_path='.;C:\php\pear') in C:\Users\203120\Laraflix\artisan:10
Stack trace:
#0 {main}
  thrown in C:\Users\203120\Laraflix\artisan on line 10
[27-May-2025 00:59:51 UTC] PHP Warning:  require(C:\Users\203120\Laraflix./vendor/autoload.php): Failed to open stream: Permission denied in C:\Users\203120\Laraflix\artisan on line 10
[27-May-2025 00:59:51 UTC] PHP Fatal error:  Uncaught Error: Failed opening required 'C:\Users\203120\Laraflix./vendor/autoload.php' (include_path='.;C:\php\pear') in C:\Users\203120\Laraflix\artisan:10
Stack trace:
#0 {main}
  thrown in C:\Users\203120\Laraflix\artisan on line 10
[27-May-2025 01:00:06 UTC] PHP Warning:  require(C:\Users\203120\Laraflix./vendor/autoload.php): Failed to open stream: Permission denied in C:\Users\203120\Laraflix\artisan on line 10
[27-May-2025 01:00:06 UTC] PHP Fatal error:  Uncaught Error: Failed opening required 'C:\Users\203120\Laraflix./vendor/autoload.php' (include_path='.;C:\php\pear') in C:\Users\203120\Laraflix\artisan:10
Stack trace:
#0 {main}
  thrown in C:\Users\203120\Laraflix\artisan on line 10
[27-May-2025 01:00:24 UTC] PHP Warning:  require(C:\Users\203120\Laraflix./vendor/autoload.php): Failed to open stream: Permission denied in C:\Users\203120\Laraflix\artisan on line 10
[27-May-2025 01:00:24 UTC] PHP Fatal error:  Uncaught Error: Failed opening required 'C:\Users\203120\Laraflix./vendor/autoload.php' (include_path='.;C:\php\pear') in C:\Users\203120\Laraflix\artisan:10
Stack trace:
#0 {main}
  thrown in C:\Users\203120\Laraflix\artisan on line 10
[27-May-2025 01:02:45 UTC] PHP Warning:  require(C:\Users\203120\Desktop\Laraflix./vendor/autoload.php): Failed to open stream: Permission denied in C:\Users\203120\Desktop\Laraflix\artisan on line 10
[27-May-2025 01:02:45 UTC] PHP Fatal error:  Uncaught Error: Failed opening required 'C:\Users\203120\Desktop\Laraflix./vendor/autoload.php' (include_path='.;C:\php\pear') in C:\Users\203120\Desktop\Laraflix\artisan:10
Stack trace:
#0 {main}
  thrown in C:\Users\203120\Desktop\Laraflix\artisan on line 10
[27-May-2025 01:05:24 UTC] PHP Warning:  require(C:\Users\203120\Desktop\Laraflix./vendor/autoload.php): Failed to open stream: Permission denied in C:\Users\203120\Desktop\Laraflix\artisan on line 10
[27-May-2025 01:05:24 UTC] PHP Fatal error:  Uncaught Error: Failed opening required 'C:\Users\203120\Desktop\Laraflix./vendor/autoload.php' (include_path='.;C:\php\pear') in C:\Users\203120\Desktop\Laraflix\artisan:10
Stack trace:
#0 {main}
  thrown in C:\Users\203120\Desktop\Laraflix\artisan on line 10
[27-May-2025 01:05:28 UTC] PHP Warning:  require(C:\Users\203120\Desktop\Laraflix./vendor/autoload.php): Failed to open stream: Permission denied in C:\Users\203120\Desktop\Laraflix\artisan on line 10
[27-May-2025 01:05:28 UTC] PHP Fatal error:  Uncaught Error: Failed opening required 'C:\Users\203120\Desktop\Laraflix./vendor/autoload.php' (include_path='.;C:\php\pear') in C:\Users\203120\Desktop\Laraflix\artisan:10
Stack trace:
#0 {main}
  thrown in C:\Users\203120\Desktop\Laraflix\artisan on line 10
[09-Jun-2025 21:43:46 UTC] PHP Warning:  require(C:\Users\203120\CaladriusTrabalho\Caladrius/vendor/autoload.php): Failed to open stream: No such file or directory in C:\Users\203120\CaladriusTrabalho\Caladrius\artisan on line 10
[09-Jun-2025 21:43:46 UTC] PHP Fatal error:  Uncaught Error: Failed opening required 'C:\Users\203120\CaladriusTrabalho\Caladrius/vendor/autoload.php' (include_path='.;C:\php\pear') in C:\Users\203120\CaladriusTrabalho\Caladrius\artisan:10
Stack trace:
#0 {main}
  thrown in C:\Users\203120\CaladriusTrabalho\Caladrius\artisan on line 10
[09-Jun-2025 21:45:08 UTC] PHP Warning:  require(C:\Users\203120\CaladriusTrabalho\Caladrius/vendor/autoload.php): Failed to open stream: No such file or directory in C:\Users\203120\CaladriusTrabalho\Caladrius\artisan on line 10
[09-Jun-2025 21:45:08 UTC] PHP Fatal error:  Uncaught Error: Failed opening required 'C:\Users\203120\CaladriusTrabalho\Caladrius/vendor/autoload.php' (include_path='.;C:\php\pear') in C:\Users\203120\CaladriusTrabalho\Caladrius\artisan:10
Stack trace:
#0 {main}
  thrown in C:\Users\203120\CaladriusTrabalho\Caladrius\artisan on line 10
